Arguments: 
  /usr/local/bin/node /usr/local/bin/yarn

PATH: 
  /usr/local/bin:/usr/bin:/bin:/usr/sbin:/sbin:/usr/local/share/dotnet:~/.dotnet/tools:/Library/Frameworks/Mono.framework/Versions/Current/Commands

Yarn version: 
  1.22.4

Node version: 
  16.15.0

Platform: 
  darwin x64

Trace: 
  Error: ENOENT: no such file or directory, copyfile '/usr/local/share/Library/Caches/Yarn/v6/npm-arg-4.1.3-269fc7ad5b8e42cb63c896d5666017261c144089-integrity/node_modules/arg/LICENSE.md' -> '/Users/shadow/Desktop/solid-todo/node_modules/@vercel/node/node_modules/arg/LICENSE.md'

npm manifest: 
  {
    "name": "vite-template-solid",
    "version": "0.0.0",
    "description": "",
    "scripts": {
      "dev": "vite",
      "build": "vite build",
      "serve": "vite preview"
    },
    "license": "MIT",
    "devDependencies": {
      "@vercel/node": "^2.2.0",
      "autoprefixer": "^10.4.7",
      "postcss": "^8.4.14",
      "tailwindcss": "^3.0.24",
      "typescript": "^4.6.4",
      "vite": "^2.9.9",
      "vite-plugin-solid": "^2.2.6"
    },
    "dependencies": {
      "@tailwindcss/forms": "^0.5.2",
      "ky": "^0.30.0",
      "mongodb": "^4.7.0",
      "solid-js": "^1.4.2"
    }
  }

yarn manifest: 
  No manifest

Lockfile: 
  No lockfile
